# JRE version: OpenJDK Runtime Environment (21.0.7) (build 21.0.7+-13880790-b1038.58)
# Java VM: OpenJDK 64-Bit Server VM (21.0.7+-13880790-b1038.58, mixed mode, tiered, compressed oops, compressed class ptrs, g1 gc, windows-amd64)
GC Precious Log:
 CardTable entry size: 512
 Card Set container configuration: InlinePtr #cards 5 size 8 Array Of Cards #cards 12 size 40 Howl #buckets 4 coarsen threshold 1843 Howl Bitmap #cards 512 size 80 coarsen threshold 460 Card regions per heap region 1 cards per card region 2048
 CPUs: 16 total, 16 available
 Memory: 7501M
 Large Page Support: Disabled
 NUMA Support: Disabled
 Compressed Oops: Enabled (32-bit)
 Heap Region Size: 1M
 Heap Min Capacity: 8M
 Heap Initial Capacity: 118M
 Heap Max Capacity: 2G
 Pre-touch: Disabled
 Parallel Workers: 13
 Concurrent Workers: 3
 Concurrent Refinement Workers: 13
 Periodic GC: Disabled
Heap:
 garbage-first heap   total 171008K, used 137973K [0x0000000080000000, 0x0000000100000000)
  region size 1024K, 39 young (39936K), 5 survivors (5120K)
 Metaspace       used 115847K, committed 118016K, reserved 1179648K
  class space    used 15944K, committed 17024K, reserved 1048576K
GC Heap History (20 events):
Event: 32.921 GC heap before
{Heap before GC invocations=33 (full 0):
 garbage-first heap   total 133120K, used 108386K [0x0000000080000000, 0x0000000100000000)
  region size 1024K, 32 young (32768K), 2 survivors (2048K)
 Metaspace       used 85224K, committed 87232K, reserved 1179648K
  class space    used 11504K, committed 12480K, reserved 1048576K
}
Event: 32.929 GC heap after
{Heap after GC invocations=34 (full 0):
 garbage-first heap   total 133120K, used 81472K [0x0000000080000000, 0x0000000100000000)
  region size 1024K, 4 young (4096K), 4 survivors (4096K)
 Metaspace       used 85224K, committed 87232K, reserved 1179648K
  class space    used 11504K, committed 12480K, reserved 1048576K
}
Event: 34.323 GC heap before
{Heap before GC invocations=34 (full 0):
 garbage-first heap   total 133120K, used 124480K [0x0000000080000000, 0x0000000100000000)
  region size 1024K, 42 young (43008K), 4 survivors (4096K)
 Metaspace       used 87471K, committed 89408K, reserved 1179648K
  class space    used 11807K, committed 12736K, reserved 1048576K
}
Event: 34.334 GC heap after
{Heap after GC invocations=35 (full 0):
 garbage-first heap   total 136192K, used 85386K [0x0000000080000000, 0x0000000100000000)
  region size 1024K, 6 young (6144K), 6 survivors (6144K)
 Metaspace       used 87471K, committed 89408K, reserved 1179648K
  class space    used 11807K, committed 12736K, reserved 1048576K
}
Event: 36.059 GC heap before
{Heap before GC invocations=35 (full 0):
 garbage-first heap   total 136192K, used 121226K [0x0000000080000000, 0x0000000100000000)
  region size 1024K, 41 young (41984K), 6 survivors (6144K)
 Metaspace       used 90279K, committed 92224K, reserved 1179648K
  class space    used 12165K, committed 13120K, reserved 1048576K
}
Event: 36.070 GC heap after
{Heap after GC invocations=36 (full 0):
 garbage-first heap   total 136192K, used 87669K [0x0000000080000000, 0x0000000100000000)
  region size 1024K, 3 young (3072K), 3 survivors (3072K)
 Metaspace       used 90279K, committed 92224K, reserved 1179648K
  class space    used 12165K, committed 13120K, reserved 1048576K
}
Event: 38.252 GC heap before
{Heap before GC invocations=37 (full 0):
 garbage-first heap   total 148480K, used 126581K [0x0000000080000000, 0x0000000100000000)
  region size 1024K, 38 young (38912K), 3 survivors (3072K)
 Metaspace       used 94099K, committed 96128K, reserved 1179648K
  class space    used 12665K, committed 13632K, reserved 1048576K
}
Event: 38.259 GC heap after
{Heap after GC invocations=38 (full 0):
 garbage-first heap   total 148480K, used 93163K [0x0000000080000000, 0x0000000100000000)
  region size 1024K, 5 young (5120K), 5 survivors (5120K)
 Metaspace       used 94099K, committed 96128K, reserved 1179648K
  class space    used 12665K, committed 13632K, reserved 1048576K
}
Event: 40.026 GC heap before
{Heap before GC invocations=38 (full 0):
 garbage-first heap   total 148480K, used 134123K [0x0000000080000000, 0x0000000100000000)
  region size 1024K, 45 young (46080K), 5 survivors (5120K)
 Metaspace       used 96875K, committed 98944K, reserved 1179648K
  class space    used 13079K, committed 14080K, reserved 1048576K
}
Event: 40.037 GC heap after
{Heap after GC invocations=39 (full 0):
 garbage-first heap   total 148480K, used 93832K [0x0000000080000000, 0x0000000100000000)
  region size 1024K, 4 young (4096K), 4 survivors (4096K)
 Metaspace       used 96875K, committed 98944K, reserved 1179648K
  class space    used 13079K, committed 14080K, reserved 1048576K
}
Event: 41.653 GC heap before
{Heap before GC invocations=39 (full 0):
 garbage-first heap   total 148480K, used 135816K [0x0000000080000000, 0x0000000100000000)
  region size 1024K, 45 young (46080K), 4 survivors (4096K)
 Metaspace       used 98513K, committed 100544K, reserved 1179648K
  class space    used 13283K, committed 14272K, reserved 1048576K
}
Event: 41.664 GC heap after
{Heap after GC invocations=40 (full 0):
 garbage-first heap   total 148480K, used 97977K [0x0000000080000000, 0x0000000100000000)
  region size 1024K, 6 young (6144K), 6 survivors (6144K)
 Metaspace       used 98513K, committed 100544K, reserved 1179648K
  class space    used 13283K, committed 14272K, reserved 1048576K
}
Event: 43.194 GC heap before
{Heap before GC invocations=41 (full 0):
 garbage-first heap   total 165888K, used 131769K [0x0000000080000000, 0x0000000100000000)
  region size 1024K, 39 young (39936K), 6 survivors (6144K)
 Metaspace       used 101071K, committed 103104K, reserved 1179648K
  class space    used 13649K, committed 14656K, reserved 1048576K
}
Event: 43.201 GC heap after
{Heap after GC invocations=42 (full 0):
 garbage-first heap   total 165888K, used 99658K [0x0000000080000000, 0x0000000100000000)
  region size 1024K, 2 young (2048K), 2 survivors (2048K)
 Metaspace       used 101071K, committed 103104K, reserved 1179648K
  class space    used 13649K, committed 14656K, reserved 1048576K
}
Event: 45.940 GC heap before
{Heap before GC invocations=42 (full 0):
 garbage-first heap   total 165888K, used 150858K [0x0000000080000000, 0x0000000100000000)
  region size 1024K, 52 young (53248K), 2 survivors (2048K)
 Metaspace       used 105196K, committed 107328K, reserved 1179648K
  class space    used 14379K, committed 15424K, reserved 1048576K
}
Event: 45.950 GC heap after
{Heap after GC invocations=43 (full 0):
 garbage-first heap   total 165888K, used 99316K [0x0000000080000000, 0x0000000100000000)
  region size 1024K, 4 young (4096K), 4 survivors (4096K)
 Metaspace       used 105196K, committed 107328K, reserved 1179648K
  class space    used 14379K, committed 15424K, reserved 1048576K
}
Event: 48.418 GC heap before
{Heap before GC invocations=43 (full 0):
 garbage-first heap   total 165888K, used 151540K [0x0000000080000000, 0x0000000100000000)
  region size 1024K, 55 young (56320K), 4 survivors (4096K)
 Metaspace       used 109206K, committed 111296K, reserved 1179648K
  class space    used 14959K, committed 16000K, reserved 1048576K
}
Event: 48.429 GC heap after
{Heap after GC invocations=44 (full 0):
 garbage-first heap   total 165888K, used 101642K [0x0000000080000000, 0x0000000100000000)
  region size 1024K, 6 young (6144K), 6 survivors (6144K)
 Metaspace       used 109206K, committed 111296K, reserved 1179648K
  class space    used 14959K, committed 16000K, reserved 1048576K
}
Event: 50.649 GC heap before
{Heap before GC invocations=45 (full 0):
 garbage-first heap   total 171008K, used 149770K [0x0000000080000000, 0x0000000100000000)
  region size 1024K, 53 young (54272K), 6 survivors (6144K)
 Metaspace       used 112534K, committed 114752K, reserved 1179648K
  class space    used 15511K, committed 16576K, reserved 1048576K
}
Event: 50.657 GC heap after
{Heap after GC invocations=46 (full 0):
 garbage-first heap   total 171008K, used 104181K [0x0000000080000000, 0x0000000100000000)
  region size 1024K, 5 young (5120K), 5 survivors (5120K)
 Metaspace       used 112534K, committed 114752K, reserved 1179648K
  class space    used 15511K, committed 16576K, reserved 1048576K
}

