# JRE version: OpenJDK Runtime Environment (21.0.7) (build 21.0.7+-13880790-b1038.58)
# Java VM: OpenJDK 64-Bit Server VM (21.0.7+-13880790-b1038.58, mixed mode, tiered, compressed oops, compressed class ptrs, g1 gc, windows-amd64)
GC Precious Log:
 CardTable entry size: 512
 Card Set container configuration: InlinePtr #cards 5 size 8 Array Of Cards #cards 12 size 40 Howl #buckets 4 coarsen threshold 1843 Howl Bitmap #cards 512 size 80 coarsen threshold 460 Card regions per heap region 1 cards per card region 2048
 CPUs: 16 total, 16 available
 Memory: 7501M
 Large Page Support: Disabled
 NUMA Support: Disabled
 Compressed Oops: Enabled (32-bit)
 Heap Region Size: 1M
 Heap Min Capacity: 8M
 Heap Initial Capacity: 118M
 Heap Max Capacity: 2G
 Pre-touch: Disabled
 Parallel Workers: 13
 Concurrent Workers: 3
 Concurrent Refinement Workers: 13
 Periodic GC: Disabled
Heap:
 garbage-first heap   total 225280K, used 164951K [0x0000000080000000, 0x0000000100000000)
  region size 1024K, 13 young (13312K), 9 survivors (9216K)
 Metaspace       used 126605K, committed 128896K, reserved 1179648K
  class space    used 17223K, committed 18304K, reserved 1048576K
GC Heap History (20 events):
Event: 29.839 GC heap before
{Heap before GC invocations=43 (full 0):
 garbage-first heap   total 174080K, used 151950K [0x0000000080000000, 0x0000000100000000)
  region size 1024K, 54 young (55296K), 7 survivors (7168K)
 Metaspace       used 116456K, committed 118656K, reserved 1179648K
  class space    used 16028K, committed 17088K, reserved 1048576K
}
Event: 29.847 GC heap after
{Heap after GC invocations=44 (full 0):
 garbage-first heap   total 174080K, used 106746K [0x0000000080000000, 0x0000000100000000)
  region size 1024K, 6 young (6144K), 6 survivors (6144K)
 Metaspace       used 116456K, committed 118656K, reserved 1179648K
  class space    used 16028K, committed 17088K, reserved 1048576K
}
Event: 30.510 GC heap before
{Heap before GC invocations=44 (full 0):
 garbage-first heap   total 174080K, used 157946K [0x0000000080000000, 0x0000000100000000)
  region size 1024K, 56 young (57344K), 6 survivors (6144K)
 Metaspace       used 117580K, committed 119808K, reserved 1179648K
  class space    used 16189K, committed 17280K, reserved 1048576K
}
Event: 30.521 GC heap after
{Heap after GC invocations=45 (full 0):
 garbage-first heap   total 174080K, used 112501K [0x0000000080000000, 0x0000000100000000)
  region size 1024K, 7 young (7168K), 7 survivors (7168K)
 Metaspace       used 117580K, committed 119808K, reserved 1179648K
  class space    used 16189K, committed 17280K, reserved 1048576K
}
Event: 31.087 GC heap before
{Heap before GC invocations=45 (full 0):
 garbage-first heap   total 174080K, used 148341K [0x0000000080000000, 0x0000000100000000)
  region size 1024K, 44 young (45056K), 7 survivors (7168K)
 Metaspace       used 119052K, committed 121344K, reserved 1179648K
  class space    used 16284K, committed 17408K, reserved 1048576K
}
Event: 31.097 GC heap after
{Heap after GC invocations=46 (full 0):
 garbage-first heap   total 174080K, used 120510K [0x0000000080000000, 0x0000000100000000)
  region size 1024K, 7 young (7168K), 7 survivors (7168K)
 Metaspace       used 119052K, committed 121344K, reserved 1179648K
  class space    used 16284K, committed 17408K, reserved 1048576K
}
Event: 31.916 GC heap before
{Heap before GC invocations=47 (full 0):
 garbage-first heap   total 209920K, used 159422K [0x0000000080000000, 0x0000000100000000)
  region size 1024K, 41 young (41984K), 7 survivors (7168K)
 Metaspace       used 122306K, committed 124544K, reserved 1179648K
  class space    used 16646K, committed 17728K, reserved 1048576K
}
Event: 31.925 GC heap after
{Heap after GC invocations=48 (full 0):
 garbage-first heap   total 209920K, used 125705K [0x0000000080000000, 0x0000000100000000)
  region size 1024K, 5 young (5120K), 5 survivors (5120K)
 Metaspace       used 122306K, committed 124544K, reserved 1179648K
  class space    used 16646K, committed 17728K, reserved 1048576K
}
Event: 32.339 GC heap before
{Heap before GC invocations=48 (full 0):
 garbage-first heap   total 209920K, used 187145K [0x0000000080000000, 0x0000000100000000)
  region size 1024K, 66 young (67584K), 5 survivors (5120K)
 Metaspace       used 122328K, committed 124544K, reserved 1179648K
  class space    used 16646K, committed 17728K, reserved 1048576K
}
Event: 32.346 GC heap after
{Heap after GC invocations=49 (full 0):
 garbage-first heap   total 209920K, used 128072K [0x0000000080000000, 0x0000000100000000)
  region size 1024K, 8 young (8192K), 8 survivors (8192K)
 Metaspace       used 122328K, committed 124544K, reserved 1179648K
  class space    used 16646K, committed 17728K, reserved 1048576K
}
Event: 33.095 GC heap before
{Heap before GC invocations=49 (full 0):
 garbage-first heap   total 209920K, used 188488K [0x0000000080000000, 0x0000000100000000)
  region size 1024K, 68 young (69632K), 8 survivors (8192K)
 Metaspace       used 122884K, committed 125184K, reserved 1179648K
  class space    used 16748K, committed 17856K, reserved 1048576K
}
Event: 33.103 GC heap after
{Heap after GC invocations=50 (full 0):
 garbage-first heap   total 209920K, used 131377K [0x0000000080000000, 0x0000000100000000)
  region size 1024K, 8 young (8192K), 8 survivors (8192K)
 Metaspace       used 122884K, committed 125184K, reserved 1179648K
  class space    used 16748K, committed 17856K, reserved 1048576K
}
Event: 33.604 GC heap before
{Heap before GC invocations=50 (full 0):
 garbage-first heap   total 209920K, used 188721K [0x0000000080000000, 0x0000000100000000)
  region size 1024K, 65 young (66560K), 8 survivors (8192K)
 Metaspace       used 123252K, committed 125568K, reserved 1179648K
  class space    used 16791K, committed 17920K, reserved 1048576K
}
Event: 33.612 GC heap after
{Heap after GC invocations=51 (full 0):
 garbage-first heap   total 209920K, used 134349K [0x0000000080000000, 0x0000000100000000)
  region size 1024K, 6 young (6144K), 6 survivors (6144K)
 Metaspace       used 123252K, committed 125568K, reserved 1179648K
  class space    used 16791K, committed 17920K, reserved 1048576K
}
Event: 34.260 GC heap before
{Heap before GC invocations=52 (full 0):
 garbage-first heap   total 225280K, used 190669K [0x0000000080000000, 0x0000000100000000)
  region size 1024K, 62 young (63488K), 6 survivors (6144K)
 Metaspace       used 123422K, committed 125760K, reserved 1179648K
  class space    used 16803K, committed 17920K, reserved 1048576K
}
Event: 34.268 GC heap after
{Heap after GC invocations=53 (full 0):
 garbage-first heap   total 225280K, used 136908K [0x0000000080000000, 0x0000000100000000)
  region size 1024K, 5 young (5120K), 5 survivors (5120K)
 Metaspace       used 123422K, committed 125760K, reserved 1179648K
  class space    used 16803K, committed 17920K, reserved 1048576K
}
Event: 34.912 GC heap before
{Heap before GC invocations=53 (full 0):
 garbage-first heap   total 225280K, used 207564K [0x0000000080000000, 0x0000000100000000)
  region size 1024K, 75 young (76800K), 5 survivors (5120K)
 Metaspace       used 123476K, committed 125760K, reserved 1179648K
  class space    used 16807K, committed 17920K, reserved 1048576K
}
Event: 34.921 GC heap after
{Heap after GC invocations=54 (full 0):
 garbage-first heap   total 225280K, used 137578K [0x0000000080000000, 0x0000000100000000)
  region size 1024K, 7 young (7168K), 7 survivors (7168K)
 Metaspace       used 123476K, committed 125760K, reserved 1179648K
  class space    used 16807K, committed 17920K, reserved 1048576K
}
Event: 36.031 GC heap before
{Heap before GC invocations=54 (full 0):
 garbage-first heap   total 225280K, used 170346K [0x0000000080000000, 0x0000000100000000)
  region size 1024K, 41 young (41984K), 7 survivors (7168K)
 Metaspace       used 126433K, committed 128704K, reserved 1179648K
  class space    used 17190K, committed 18304K, reserved 1048576K
}
Event: 36.039 GC heap after
{Heap after GC invocations=55 (full 0):
 garbage-first heap   total 225280K, used 141399K [0x0000000080000000, 0x0000000100000000)
  region size 1024K, 9 young (9216K), 9 survivors (9216K)
 Metaspace       used 126433K, committed 128704K, reserved 1179648K
  class space    used 17190K, committed 18304K, reserved 1048576K
}

