# JRE version: OpenJDK Runtime Environment (21.0.7) (build 21.0.7+-13880790-b1038.58)
# Java VM: OpenJDK 64-Bit Server VM (21.0.7+-13880790-b1038.58, mixed mode, tiered, compressed oops, compressed class ptrs, g1 gc, windows-amd64)
GC Precious Log:
 CardTable entry size: 512
 Card Set container configuration: InlinePtr #cards 5 size 8 Array Of Cards #cards 12 size 40 Howl #buckets 4 coarsen threshold 1843 Howl Bitmap #cards 512 size 80 coarsen threshold 460 Card regions per heap region 1 cards per card region 2048
 CPUs: 16 total, 16 available
 Memory: 7501M
 Large Page Support: Disabled
 NUMA Support: Disabled
 Compressed Oops: Enabled (32-bit)
 Heap Region Size: 1M
 Heap Min Capacity: 8M
 Heap Initial Capacity: 118M
 Heap Max Capacity: 2G
 Pre-touch: Disabled
 Parallel Workers: 13
 Concurrent Workers: 3
 Concurrent Refinement Workers: 13
 Periodic GC: Disabled
Heap:
 garbage-first heap   total 101376K, used 51001K [0x0000000080000000, 0x0000000100000000)
  region size 1024K, 10 young (10240K), 2 survivors (2048K)
 Metaspace       used 59576K, committed 61120K, reserved 1114112K
  class space    used 8136K, committed 8896K, reserved 1048576K
GC Heap History (20 events):
Event: 3.843 GC heap before
{Heap before GC invocations=2 (full 0):
 garbage-first heap   total 120832K, used 60069K [0x0000000080000000, 0x0000000100000000)
  region size 1024K, 51 young (52224K), 5 survivors (5120K)
 Metaspace       used 13359K, committed 13632K, reserved 1114112K
  class space    used 1492K, committed 1600K, reserved 1048576K
}
Event: 3.856 GC heap after
{Heap after GC invocations=3 (full 0):
 garbage-first heap   total 120832K, used 16695K [0x0000000080000000, 0x0000000100000000)
  region size 1024K, 5 young (5120K), 5 survivors (5120K)
 Metaspace       used 13359K, committed 13632K, reserved 1114112K
  class space    used 1492K, committed 1600K, reserved 1048576K
}
Event: 5.075 GC heap before
{Heap before GC invocations=3 (full 0):
 garbage-first heap   total 120832K, used 42295K [0x0000000080000000, 0x0000000100000000)
  region size 1024K, 31 young (31744K), 5 survivors (5120K)
 Metaspace       used 21204K, committed 21504K, reserved 1114112K
  class space    used 2478K, committed 2624K, reserved 1048576K
}
Event: 5.081 GC heap after
{Heap after GC invocations=4 (full 0):
 garbage-first heap   total 120832K, used 20254K [0x0000000080000000, 0x0000000100000000)
  region size 1024K, 8 young (8192K), 8 survivors (8192K)
 Metaspace       used 21204K, committed 21504K, reserved 1114112K
  class space    used 2478K, committed 2624K, reserved 1048576K
}
Event: 6.644 GC heap before
{Heap before GC invocations=5 (full 0):
 garbage-first heap   total 68608K, used 67358K [0x0000000080000000, 0x0000000100000000)
  region size 1024K, 55 young (56320K), 8 survivors (8192K)
 Metaspace       used 29030K, committed 29568K, reserved 1114112K
  class space    used 3724K, committed 3968K, reserved 1048576K
}
Event: 6.654 GC heap after
{Heap after GC invocations=6 (full 0):
 garbage-first heap   total 79872K, used 22786K [0x0000000080000000, 0x0000000100000000)
  region size 1024K, 6 young (6144K), 6 survivors (6144K)
 Metaspace       used 29030K, committed 29568K, reserved 1114112K
  class space    used 3724K, committed 3968K, reserved 1048576K
}
Event: 7.863 GC heap before
{Heap before GC invocations=6 (full 0):
 garbage-first heap   total 79872K, used 63746K [0x0000000080000000, 0x0000000100000000)
  region size 1024K, 46 young (47104K), 6 survivors (6144K)
 Metaspace       used 34442K, committed 35200K, reserved 1114112K
  class space    used 4663K, committed 5056K, reserved 1048576K
}
Event: 7.873 GC heap after
{Heap after GC invocations=7 (full 0):
 garbage-first heap   total 79872K, used 25366K [0x0000000080000000, 0x0000000100000000)
  region size 1024K, 6 young (6144K), 6 survivors (6144K)
 Metaspace       used 34442K, committed 35200K, reserved 1114112K
  class space    used 4663K, committed 5056K, reserved 1048576K
}
Event: 7.983 GC heap before
{Heap before GC invocations=7 (full 0):
 garbage-first heap   total 79872K, used 29462K [0x0000000080000000, 0x0000000100000000)
  region size 1024K, 11 young (11264K), 6 survivors (6144K)
 Metaspace       used 35187K, committed 35968K, reserved 1114112K
  class space    used 4766K, committed 5120K, reserved 1048576K
}
Event: 7.988 GC heap after
{Heap after GC invocations=8 (full 0):
 garbage-first heap   total 79872K, used 25997K [0x0000000080000000, 0x0000000100000000)
  region size 1024K, 4 young (4096K), 4 survivors (4096K)
 Metaspace       used 35187K, committed 35968K, reserved 1114112K
  class space    used 4766K, committed 5120K, reserved 1048576K
}
Event: 9.194 GC heap before
{Heap before GC invocations=9 (full 0):
 garbage-first heap   total 79872K, used 65933K [0x0000000080000000, 0x0000000100000000)
  region size 1024K, 44 young (45056K), 4 survivors (4096K)
 Metaspace       used 43508K, committed 44416K, reserved 1114112K
  class space    used 5837K, committed 6272K, reserved 1048576K
}
Event: 9.200 GC heap after
{Heap after GC invocations=10 (full 0):
 garbage-first heap   total 79872K, used 29773K [0x0000000080000000, 0x0000000100000000)
  region size 1024K, 6 young (6144K), 6 survivors (6144K)
 Metaspace       used 43508K, committed 44416K, reserved 1114112K
  class space    used 5837K, committed 6272K, reserved 1048576K
}
Event: 9.705 GC heap before
{Heap before GC invocations=10 (full 0):
 garbage-first heap   total 79872K, used 71757K [0x0000000080000000, 0x0000000100000000)
  region size 1024K, 42 young (43008K), 6 survivors (6144K)
 Metaspace       used 46188K, committed 47104K, reserved 1114112K
  class space    used 6084K, committed 6528K, reserved 1048576K
}
Event: 9.713 GC heap after
{Heap after GC invocations=11 (full 0):
 garbage-first heap   total 83968K, used 33813K [0x0000000080000000, 0x0000000100000000)
  region size 1024K, 4 young (4096K), 4 survivors (4096K)
 Metaspace       used 46188K, committed 47104K, reserved 1114112K
  class space    used 6084K, committed 6528K, reserved 1048576K
}
Event: 10.476 GC heap before
{Heap before GC invocations=11 (full 0):
 garbage-first heap   total 83968K, used 70677K [0x0000000080000000, 0x0000000100000000)
  region size 1024K, 40 young (40960K), 4 survivors (4096K)
 Metaspace       used 50564K, committed 51840K, reserved 1114112K
  class space    used 6807K, committed 7424K, reserved 1048576K
}
Event: 10.481 GC heap after
{Heap after GC invocations=12 (full 0):
 garbage-first heap   total 101376K, used 36307K [0x0000000080000000, 0x0000000100000000)
  region size 1024K, 3 young (3072K), 3 survivors (3072K)
 Metaspace       used 50564K, committed 51840K, reserved 1114112K
  class space    used 6807K, committed 7424K, reserved 1048576K
}
Event: 11.628 GC heap before
{Heap before GC invocations=12 (full 0):
 garbage-first heap   total 101376K, used 87507K [0x0000000080000000, 0x0000000100000000)
  region size 1024K, 53 young (54272K), 3 survivors (3072K)
 Metaspace       used 56108K, committed 57600K, reserved 1114112K
  class space    used 7721K, committed 8448K, reserved 1048576K
}
Event: 11.634 GC heap after
{Heap after GC invocations=13 (full 0):
 garbage-first heap   total 101376K, used 41628K [0x0000000080000000, 0x0000000100000000)
  region size 1024K, 7 young (7168K), 7 survivors (7168K)
 Metaspace       used 56108K, committed 57600K, reserved 1114112K
  class space    used 7721K, committed 8448K, reserved 1048576K
}
Event: 12.084 GC heap before
{Heap before GC invocations=13 (full 0):
 garbage-first heap   total 101376K, used 81564K [0x0000000080000000, 0x0000000100000000)
  region size 1024K, 46 young (47104K), 7 survivors (7168K)
 Metaspace       used 58652K, committed 60096K, reserved 1114112K
  class space    used 7996K, committed 8704K, reserved 1048576K
}
Event: 12.091 GC heap after
{Heap after GC invocations=14 (full 0):
 garbage-first heap   total 101376K, used 43833K [0x0000000080000000, 0x0000000100000000)
  region size 1024K, 2 young (2048K), 2 survivors (2048K)
 Metaspace       used 58652K, committed 60096K, reserved 1114112K
  class space    used 7996K, committed 8704K, reserved 1048576K
}

