# JRE version: OpenJDK Runtime Environment (21.0.7) (build 21.0.7+-13880790-b1038.58)
# Java VM: OpenJDK 64-Bit Server VM (21.0.7+-13880790-b1038.58, mixed mode, tiered, compressed oops, compressed class ptrs, g1 gc, windows-amd64)
GC Precious Log:
 CardTable entry size: 512
 Card Set container configuration: InlinePtr #cards 5 size 8 Array Of Cards #cards 12 size 40 Howl #buckets 4 coarsen threshold 1843 Howl Bitmap #cards 512 size 80 coarsen threshold 460 Card regions per heap region 1 cards per card region 2048
 CPUs: 16 total, 16 available
 Memory: 7501M
 Large Page Support: Disabled
 NUMA Support: Disabled
 Compressed Oops: Enabled (32-bit)
 Heap Region Size: 1M
 Heap Min Capacity: 8M
 Heap Initial Capacity: 118M
 Heap Max Capacity: 2G
 Pre-touch: Disabled
 Parallel Workers: 13
 Concurrent Workers: 3
 Concurrent Refinement Workers: 13
 Periodic GC: Disabled
Heap:
 garbage-first heap   total 174080K, used 121119K [0x0000000080000000, 0x0000000100000000)
  region size 1024K, 9 young (9216K), 7 survivors (7168K)
 Metaspace       used 118671K, committed 120896K, reserved 1179648K
  class space    used 16241K, committed 17344K, reserved 1048576K
GC Heap History (20 events):
Event: 15.591 GC heap before
{Heap before GC invocations=31 (full 0):
 garbage-first heap   total 134144K, used 119555K [0x0000000080000000, 0x0000000100000000)
  region size 1024K, 41 young (41984K), 6 survivors (6144K)
 Metaspace       used 88423K, committed 90304K, reserved 1179648K
  class space    used 11925K, committed 12864K, reserved 1048576K
}
Event: 15.597 GC heap after
{Heap after GC invocations=32 (full 0):
 garbage-first heap   total 161792K, used 86078K [0x0000000080000000, 0x0000000100000000)
  region size 1024K, 3 young (3072K), 3 survivors (3072K)
 Metaspace       used 88423K, committed 90304K, reserved 1179648K
  class space    used 11925K, committed 12864K, reserved 1048576K
}
Event: 21.894 GC heap before
{Heap before GC invocations=33 (full 0):
 garbage-first heap   total 161792K, used 151614K [0x0000000080000000, 0x0000000100000000)
  region size 1024K, 64 young (65536K), 3 survivors (3072K)
 Metaspace       used 94251K, committed 96256K, reserved 1179648K
  class space    used 12693K, committed 13696K, reserved 1048576K
}
Event: 21.898 GC heap after
{Heap after GC invocations=34 (full 0):
 garbage-first heap   total 161792K, used 92525K [0x0000000080000000, 0x0000000100000000)
  region size 1024K, 6 young (6144K), 6 survivors (6144K)
 Metaspace       used 94251K, committed 96256K, reserved 1179648K
  class space    used 12693K, committed 13696K, reserved 1048576K
}
Event: 22.914 GC heap before
{Heap before GC invocations=34 (full 0):
 garbage-first heap   total 161792K, used 145773K [0x0000000080000000, 0x0000000100000000)
  region size 1024K, 58 young (59392K), 6 survivors (6144K)
 Metaspace       used 97006K, committed 99008K, reserved 1179648K
  class space    used 13098K, committed 14080K, reserved 1048576K
}
Event: 22.921 GC heap after
{Heap after GC invocations=35 (full 0):
 garbage-first heap   total 161792K, used 96359K [0x0000000080000000, 0x0000000100000000)
  region size 1024K, 8 young (8192K), 8 survivors (8192K)
 Metaspace       used 97006K, committed 99008K, reserved 1179648K
  class space    used 13098K, committed 14080K, reserved 1048576K
}
Event: 23.580 GC heap before
{Heap before GC invocations=35 (full 0):
 garbage-first heap   total 161792K, used 143463K [0x0000000080000000, 0x0000000100000000)
  region size 1024K, 54 young (55296K), 8 survivors (8192K)
 Metaspace       used 100002K, committed 102016K, reserved 1179648K
  class space    used 13507K, committed 14528K, reserved 1048576K
}
Event: 23.588 GC heap after
{Heap after GC invocations=36 (full 0):
 garbage-first heap   total 161792K, used 98235K [0x0000000080000000, 0x0000000100000000)
  region size 1024K, 4 young (4096K), 4 survivors (4096K)
 Metaspace       used 100002K, committed 102016K, reserved 1179648K
  class space    used 13507K, committed 14528K, reserved 1048576K
}
Event: 24.535 GC heap before
{Heap before GC invocations=37 (full 0):
 garbage-first heap   total 165888K, used 147387K [0x0000000080000000, 0x0000000100000000)
  region size 1024K, 52 young (53248K), 4 survivors (4096K)
 Metaspace       used 103868K, committed 105920K, reserved 1179648K
  class space    used 14155K, committed 15168K, reserved 1048576K
}
Event: 24.539 GC heap after
{Heap after GC invocations=38 (full 0):
 garbage-first heap   total 165888K, used 99455K [0x0000000080000000, 0x0000000100000000)
  region size 1024K, 5 young (5120K), 5 survivors (5120K)
 Metaspace       used 103868K, committed 105920K, reserved 1179648K
  class space    used 14155K, committed 15168K, reserved 1048576K
}
Event: 25.321 GC heap before
{Heap before GC invocations=38 (full 0):
 garbage-first heap   total 165888K, used 150655K [0x0000000080000000, 0x0000000100000000)
  region size 1024K, 55 young (56320K), 5 survivors (5120K)
 Metaspace       used 107623K, committed 109760K, reserved 1179648K
  class space    used 14731K, committed 15808K, reserved 1048576K
}
Event: 25.327 GC heap after
{Heap after GC invocations=39 (full 0):
 garbage-first heap   total 165888K, used 100345K [0x0000000080000000, 0x0000000100000000)
  region size 1024K, 4 young (4096K), 4 survivors (4096K)
 Metaspace       used 107623K, committed 109760K, reserved 1179648K
  class space    used 14731K, committed 15808K, reserved 1048576K
}
Event: 26.109 GC heap before
{Heap before GC invocations=39 (full 0):
 garbage-first heap   total 165888K, used 151545K [0x0000000080000000, 0x0000000100000000)
  region size 1024K, 54 young (55296K), 4 survivors (4096K)
 Metaspace       used 111521K, committed 113664K, reserved 1179648K
  class space    used 15315K, committed 16384K, reserved 1048576K
}
Event: 26.116 GC heap after
{Heap after GC invocations=40 (full 0):
 garbage-first heap   total 165888K, used 103436K [0x0000000080000000, 0x0000000100000000)
  region size 1024K, 6 young (6144K), 6 survivors (6144K)
 Metaspace       used 111521K, committed 113664K, reserved 1179648K
  class space    used 15315K, committed 16384K, reserved 1048576K
}
Event: 26.999 GC heap before
{Heap before GC invocations=41 (full 0):
 garbage-first heap   total 174080K, used 149516K [0x0000000080000000, 0x0000000100000000)
  region size 1024K, 51 young (52224K), 6 survivors (6144K)
 Metaspace       used 115686K, committed 117888K, reserved 1179648K
  class space    used 15926K, committed 17024K, reserved 1048576K
}
Event: 27.006 GC heap after
{Heap after GC invocations=42 (full 0):
 garbage-first heap   total 174080K, used 105819K [0x0000000080000000, 0x0000000100000000)
  region size 1024K, 6 young (6144K), 6 survivors (6144K)
 Metaspace       used 115686K, committed 117888K, reserved 1179648K
  class space    used 15926K, committed 17024K, reserved 1048576K
}
Event: 27.683 GC heap before
{Heap before GC invocations=42 (full 0):
 garbage-first heap   total 174080K, used 157019K [0x0000000080000000, 0x0000000100000000)
  region size 1024K, 56 young (57344K), 6 survivors (6144K)
 Metaspace       used 117482K, committed 119744K, reserved 1179648K
  class space    used 16173K, committed 17280K, reserved 1048576K
}
Event: 27.694 GC heap after
{Heap after GC invocations=43 (full 0):
 garbage-first heap   total 174080K, used 110823K [0x0000000080000000, 0x0000000100000000)
  region size 1024K, 7 young (7168K), 7 survivors (7168K)
 Metaspace       used 117482K, committed 119744K, reserved 1179648K
  class space    used 16173K, committed 17280K, reserved 1048576K
}
Event: 28.191 GC heap before
{Heap before GC invocations=43 (full 0):
 garbage-first heap   total 174080K, used 155879K [0x0000000080000000, 0x0000000100000000)
  region size 1024K, 52 young (53248K), 7 survivors (7168K)
 Metaspace       used 118615K, committed 120832K, reserved 1179648K
  class space    used 16238K, committed 17344K, reserved 1048576K
}
Event: 28.201 GC heap after
{Heap after GC invocations=44 (full 0):
 garbage-first heap   total 174080K, used 120095K [0x0000000080000000, 0x0000000100000000)
  region size 1024K, 7 young (7168K), 7 survivors (7168K)
 Metaspace       used 118615K, committed 120832K, reserved 1179648K
  class space    used 16238K, committed 17344K, reserved 1048576K
}

