# JRE version: OpenJDK Runtime Environment (21.0.7) (build 21.0.7+-13880790-b1038.58)
# Java VM: OpenJDK 64-Bit Server VM (21.0.7+-13880790-b1038.58, mixed mode, tiered, compressed oops, compressed class ptrs, g1 gc, windows-amd64)
GC Precious Log:
 CardTable entry size: 512
 Card Set container configuration: InlinePtr #cards 5 size 8 Array Of Cards #cards 12 size 40 Howl #buckets 4 coarsen threshold 1843 Howl Bitmap #cards 512 size 80 coarsen threshold 460 Card regions per heap region 1 cards per card region 2048
 CPUs: 16 total, 16 available
 Memory: 7501M
 Large Page Support: Disabled
 NUMA Support: Disabled
 Compressed Oops: Enabled (32-bit)
 Heap Region Size: 1M
 Heap Min Capacity: 8M
 Heap Initial Capacity: 118M
 Heap Max Capacity: 2G
 Pre-touch: Disabled
 Parallel Workers: 13
 Concurrent Workers: 3
 Concurrent Refinement Workers: 13
 Periodic GC: Disabled
Heap:
 garbage-first heap   total 238592K, used 157912K [0x0000000080000000, 0x0000000100000000)
  region size 1024K, 10 young (10240K), 8 survivors (8192K)
 Metaspace       used 153288K, committed 154752K, reserved 1245184K
  class space    used 20694K, committed 21376K, reserved 1048576K
GC Heap History (20 events):
Event: 35.575 GC heap before
{Heap before GC invocations=49 (full 0):
 garbage-first heap   total 219136K, used 194787K [0x0000000080000000, 0x0000000100000000)
  region size 1024K, 67 young (68608K), 5 survivors (5120K)
 Metaspace       used 123327K, committed 125632K, reserved 1179648K
  class space    used 16803K, committed 17920K, reserved 1048576K
}
Event: 35.583 GC heap after
{Heap after GC invocations=50 (full 0):
 garbage-first heap   total 219136K, used 133204K [0x0000000080000000, 0x0000000100000000)
  region size 1024K, 8 young (8192K), 8 survivors (8192K)
 Metaspace       used 123327K, committed 125632K, reserved 1179648K
  class space    used 16803K, committed 17920K, reserved 1048576K
}
Event: 36.201 GC heap before
{Heap before GC invocations=50 (full 0):
 garbage-first heap   total 219136K, used 196692K [0x0000000080000000, 0x0000000100000000)
  region size 1024K, 71 young (72704K), 8 survivors (8192K)
 Metaspace       used 123453K, committed 125760K, reserved 1179648K
  class space    used 16808K, committed 17920K, reserved 1048576K
}
Event: 36.209 GC heap after
{Heap after GC invocations=51 (full 0):
 garbage-first heap   total 219136K, used 135607K [0x0000000080000000, 0x0000000100000000)
  region size 1024K, 8 young (8192K), 8 survivors (8192K)
 Metaspace       used 123453K, committed 125760K, reserved 1179648K
  class space    used 16808K, committed 17920K, reserved 1048576K
}
Event: 37.149 GC heap before
{Heap before GC invocations=52 (full 0):
 garbage-first heap   total 229376K, used 196023K [0x0000000080000000, 0x0000000100000000)
  region size 1024K, 68 young (69632K), 8 survivors (8192K)
 Metaspace       used 125262K, committed 127552K, reserved 1179648K
  class space    used 17011K, committed 18112K, reserved 1048576K
}
Event: 37.158 GC heap after
{Heap after GC invocations=53 (full 0):
 garbage-first heap   total 229376K, used 137770K [0x0000000080000000, 0x0000000100000000)
  region size 1024K, 7 young (7168K), 7 survivors (7168K)
 Metaspace       used 125262K, committed 127552K, reserved 1179648K
  class space    used 17011K, committed 18112K, reserved 1048576K
}
Event: 1385.911 GC heap before
{Heap before GC invocations=53 (full 0):
 garbage-first heap   total 229376K, used 208426K [0x0000000080000000, 0x0000000100000000)
  region size 1024K, 77 young (78848K), 7 survivors (7168K)
 Metaspace       used 130582K, committed 132864K, reserved 1179648K
  class space    used 17456K, committed 18560K, reserved 1048576K
}
Event: 1386.132 GC heap after
{Heap after GC invocations=54 (full 0):
 garbage-first heap   total 229376K, used 136845K [0x0000000080000000, 0x0000000100000000)
  region size 1024K, 5 young (5120K), 5 survivors (5120K)
 Metaspace       used 130582K, committed 132864K, reserved 1179648K
  class space    used 17456K, committed 18560K, reserved 1048576K
}
Event: 3355.091 GC heap before
{Heap before GC invocations=54 (full 0):
 garbage-first heap   total 229376K, used 210573K [0x0000000080000000, 0x0000000100000000)
  region size 1024K, 78 young (79872K), 5 survivors (5120K)
 Metaspace       used 130744K, committed 132992K, reserved 1179648K
  class space    used 17460K, committed 18560K, reserved 1048576K
}
Event: 3355.235 GC heap after
{Heap after GC invocations=55 (full 0):
 garbage-first heap   total 229376K, used 139845K [0x0000000080000000, 0x0000000100000000)
  region size 1024K, 8 young (8192K), 8 survivors (8192K)
 Metaspace       used 130744K, committed 132992K, reserved 1179648K
  class space    used 17460K, committed 18560K, reserved 1048576K
}
Event: 3358.581 GC heap before
{Heap before GC invocations=56 (full 0):
 garbage-first heap   total 234496K, used 207429K [0x0000000080000000, 0x0000000100000000)
  region size 1024K, 75 young (76800K), 8 survivors (8192K)
 Metaspace       used 128409K, committed 133056K, reserved 1179648K
  class space    used 16785K, committed 18560K, reserved 1048576K
}
Event: 3358.603 GC heap after
{Heap after GC invocations=57 (full 0):
 garbage-first heap   total 234496K, used 148151K [0x0000000080000000, 0x0000000100000000)
  region size 1024K, 10 young (10240K), 10 survivors (10240K)
 Metaspace       used 128409K, committed 133056K, reserved 1179648K
  class space    used 16785K, committed 18560K, reserved 1048576K
}
Event: 3359.938 GC heap before
{Heap before GC invocations=57 (full 0):
 garbage-first heap   total 234496K, used 210615K [0x0000000080000000, 0x0000000100000000)
  region size 1024K, 72 young (73728K), 10 survivors (10240K)
 Metaspace       used 131250K, committed 133376K, reserved 1179648K
  class space    used 17132K, committed 18624K, reserved 1048576K
}
Event: 3359.961 GC heap after
{Heap after GC invocations=58 (full 0):
 garbage-first heap   total 238592K, used 151350K [0x0000000080000000, 0x0000000100000000)
  region size 1024K, 8 young (8192K), 8 survivors (8192K)
 Metaspace       used 131250K, committed 133376K, reserved 1179648K
  class space    used 17132K, committed 18624K, reserved 1048576K
}
Event: 3376.723 GC heap before
{Heap before GC invocations=58 (full 0):
 garbage-first heap   total 238592K, used 214838K [0x0000000080000000, 0x0000000100000000)
  region size 1024K, 71 young (72704K), 8 survivors (8192K)
 Metaspace       used 136867K, committed 138240K, reserved 1179648K
  class space    used 18047K, committed 18688K, reserved 1048576K
}
Event: 3376.742 GC heap after
{Heap after GC invocations=59 (full 0):
 garbage-first heap   total 238592K, used 151988K [0x0000000080000000, 0x0000000100000000)
  region size 1024K, 4 young (4096K), 4 survivors (4096K)
 Metaspace       used 136867K, committed 138240K, reserved 1179648K
  class space    used 18047K, committed 18688K, reserved 1048576K
}
Event: 3378.108 GC heap before
{Heap before GC invocations=59 (full 0):
 garbage-first heap   total 238592K, used 219572K [0x0000000080000000, 0x0000000100000000)
  region size 1024K, 71 young (72704K), 4 survivors (4096K)
 Metaspace       used 146683K, committed 148160K, reserved 1179648K
  class space    used 19604K, committed 20288K, reserved 1048576K
}
Event: 3378.118 GC heap after
{Heap after GC invocations=60 (full 0):
 garbage-first heap   total 238592K, used 153888K [0x0000000080000000, 0x0000000100000000)
  region size 1024K, 5 young (5120K), 5 survivors (5120K)
 Metaspace       used 146683K, committed 148160K, reserved 1179648K
  class space    used 19604K, committed 20288K, reserved 1048576K
}
Event: 3379.805 GC heap before
{Heap before GC invocations=60 (full 0):
 garbage-first heap   total 238592K, used 218400K [0x0000000080000000, 0x0000000100000000)
  region size 1024K, 69 young (70656K), 5 survivors (5120K)
 Metaspace       used 152984K, committed 154432K, reserved 1245184K
  class space    used 20667K, committed 21376K, reserved 1048576K
}
Event: 3379.814 GC heap after
{Heap after GC invocations=61 (full 0):
 garbage-first heap   total 238592K, used 156888K [0x0000000080000000, 0x0000000100000000)
  region size 1024K, 8 young (8192K), 8 survivors (8192K)
 Metaspace       used 152984K, committed 154432K, reserved 1245184K
  class space    used 20667K, committed 21376K, reserved 1048576K
}

