# JRE version: OpenJDK Runtime Environment (21.0.7) (build 21.0.7+-13880790-b1038.58)
# Java VM: OpenJDK 64-Bit Server VM (21.0.7+-13880790-b1038.58, mixed mode, tiered, compressed oops, compressed class ptrs, g1 gc, windows-amd64)
GC Precious Log:
 CardTable entry size: 512
 Card Set container configuration: InlinePtr #cards 5 size 8 Array Of Cards #cards 12 size 40 Howl #buckets 4 coarsen threshold 1843 Howl Bitmap #cards 512 size 80 coarsen threshold 460 Card regions per heap region 1 cards per card region 2048
 CPUs: 16 total, 16 available
 Memory: 7501M
 Large Page Support: Disabled
 NUMA Support: Disabled
 Compressed Oops: Enabled (32-bit)
 Heap Region Size: 1M
 Heap Min Capacity: 8M
 Heap Initial Capacity: 118M
 Heap Max Capacity: 2G
 Pre-touch: Disabled
 Parallel Workers: 13
 Concurrent Workers: 3
 Concurrent Refinement Workers: 13
 Periodic GC: Disabled
Heap:
 garbage-first heap   total 153600K, used 130253K [0x0000000080000000, 0x0000000100000000)
  region size 1024K, 40 young (40960K), 6 survivors (6144K)
 Metaspace       used 99285K, committed 101248K, reserved 1179648K
  class space    used 13378K, committed 14336K, reserved 1048576K
GC Heap History (20 events):
Event: 14.824 GC heap before
{Heap before GC invocations=21 (full 0):
 garbage-first heap   total 101376K, used 88406K [0x0000000080000000, 0x0000000100000000)
  region size 1024K, 38 young (38912K), 4 survivors (4096K)
 Metaspace       used 72749K, committed 74496K, reserved 1114112K
  class space    used 9975K, committed 10816K, reserved 1048576K
}
Event: 14.829 GC heap after
{Heap after GC invocations=22 (full 0):
 garbage-first heap   total 101376K, used 54198K [0x0000000080000000, 0x0000000100000000)
  region size 1024K, 4 young (4096K), 4 survivors (4096K)
 Metaspace       used 72749K, committed 74496K, reserved 1114112K
  class space    used 9975K, committed 10816K, reserved 1048576K
}
Event: 15.076 GC heap before
{Heap before GC invocations=22 (full 0):
 garbage-first heap   total 101376K, used 84918K [0x0000000080000000, 0x0000000100000000)
  region size 1024K, 36 young (36864K), 4 survivors (4096K)
 Metaspace       used 73417K, committed 75200K, reserved 1114112K
  class space    used 10064K, committed 10944K, reserved 1048576K
}
Event: 15.079 GC heap after
{Heap after GC invocations=23 (full 0):
 garbage-first heap   total 101376K, used 55627K [0x0000000080000000, 0x0000000100000000)
  region size 1024K, 4 young (4096K), 4 survivors (4096K)
 Metaspace       used 73417K, committed 75200K, reserved 1114112K
  class space    used 10064K, committed 10944K, reserved 1048576K
}
Event: 15.732 GC heap before
{Heap before GC invocations=24 (full 0):
 garbage-first heap   total 101376K, used 99659K [0x0000000080000000, 0x0000000100000000)
  region size 1024K, 34 young (34816K), 4 survivors (4096K)
 Metaspace       used 74629K, committed 76480K, reserved 1179648K
  class space    used 10198K, committed 11072K, reserved 1048576K
}
Event: 15.740 GC heap after
{Heap after GC invocations=25 (full 0):
 garbage-first heap   total 137216K, used 77541K [0x0000000080000000, 0x0000000100000000)
  region size 1024K, 5 young (5120K), 5 survivors (5120K)
 Metaspace       used 74629K, committed 76480K, reserved 1179648K
  class space    used 10198K, committed 11072K, reserved 1048576K
}
Event: 16.497 GC heap before
{Heap before GC invocations=25 (full 0):
 garbage-first heap   total 137216K, used 113381K [0x0000000080000000, 0x0000000100000000)
  region size 1024K, 41 young (41984K), 5 survivors (5120K)
 Metaspace       used 78034K, committed 79872K, reserved 1179648K
  class space    used 10593K, committed 11456K, reserved 1048576K
}
Event: 16.501 GC heap after
{Heap after GC invocations=26 (full 0):
 garbage-first heap   total 137216K, used 78214K [0x0000000080000000, 0x0000000100000000)
  region size 1024K, 2 young (2048K), 2 survivors (2048K)
 Metaspace       used 78034K, committed 79872K, reserved 1179648K
  class space    used 10593K, committed 11456K, reserved 1048576K
}
Event: 17.257 GC heap before
{Heap before GC invocations=26 (full 0):
 garbage-first heap   total 137216K, used 116102K [0x0000000080000000, 0x0000000100000000)
  region size 1024K, 39 young (39936K), 2 survivors (2048K)
 Metaspace       used 82183K, committed 84032K, reserved 1179648K
  class space    used 11024K, committed 11904K, reserved 1048576K
}
Event: 17.262 GC heap after
{Heap after GC invocations=27 (full 0):
 garbage-first heap   total 137216K, used 79386K [0x0000000080000000, 0x0000000100000000)
  region size 1024K, 3 young (3072K), 3 survivors (3072K)
 Metaspace       used 82183K, committed 84032K, reserved 1179648K
  class space    used 11024K, committed 11904K, reserved 1048576K
}
Event: 18.253 GC heap before
{Heap before GC invocations=28 (full 0):
 garbage-first heap   total 137216K, used 123418K [0x0000000080000000, 0x0000000100000000)
  region size 1024K, 42 young (43008K), 3 survivors (3072K)
 Metaspace       used 85655K, committed 87616K, reserved 1179648K
  class space    used 11572K, committed 12544K, reserved 1048576K
}
Event: 18.258 GC heap after
{Heap after GC invocations=29 (full 0):
 garbage-first heap   total 137216K, used 84848K [0x0000000080000000, 0x0000000100000000)
  region size 1024K, 6 young (6144K), 6 survivors (6144K)
 Metaspace       used 85655K, committed 87616K, reserved 1179648K
  class space    used 11572K, committed 12544K, reserved 1048576K
}
Event: 19.462 GC heap before
{Heap before GC invocations=29 (full 0):
 garbage-first heap   total 137216K, used 121712K [0x0000000080000000, 0x0000000100000000)
  region size 1024K, 42 young (43008K), 6 survivors (6144K)
 Metaspace       used 88544K, committed 90432K, reserved 1179648K
  class space    used 11935K, committed 12864K, reserved 1048576K
}
Event: 19.470 GC heap after
{Heap after GC invocations=30 (full 0):
 garbage-first heap   total 137216K, used 86733K [0x0000000080000000, 0x0000000100000000)
  region size 1024K, 3 young (3072K), 3 survivors (3072K)
 Metaspace       used 88544K, committed 90432K, reserved 1179648K
  class space    used 11935K, committed 12864K, reserved 1048576K
}
Event: 20.342 GC heap before
{Heap before GC invocations=30 (full 0):
 garbage-first heap   total 137216K, used 122573K [0x0000000080000000, 0x0000000100000000)
  region size 1024K, 38 young (38912K), 3 survivors (3072K)
 Metaspace       used 92324K, committed 94336K, reserved 1179648K
  class space    used 12413K, committed 13376K, reserved 1048576K
}
Event: 20.347 GC heap after
{Heap after GC invocations=31 (full 0):
 garbage-first heap   total 137216K, used 88166K [0x0000000080000000, 0x0000000100000000)
  region size 1024K, 4 young (4096K), 4 survivors (4096K)
 Metaspace       used 92324K, committed 94336K, reserved 1179648K
  class space    used 12413K, committed 13376K, reserved 1048576K
}
Event: 21.357 GC heap before
{Heap before GC invocations=32 (full 0):
 garbage-first heap   total 153600K, used 127078K [0x0000000080000000, 0x0000000100000000)
  region size 1024K, 39 young (39936K), 4 survivors (4096K)
 Metaspace       used 95112K, committed 97024K, reserved 1179648K
  class space    used 12789K, committed 13696K, reserved 1048576K
}
Event: 21.363 GC heap after
{Heap after GC invocations=33 (full 0):
 garbage-first heap   total 153600K, used 93146K [0x0000000080000000, 0x0000000100000000)
  region size 1024K, 4 young (4096K), 4 survivors (4096K)
 Metaspace       used 95112K, committed 97024K, reserved 1179648K
  class space    used 12789K, committed 13696K, reserved 1048576K
}
Event: 22.384 GC heap before
{Heap before GC invocations=33 (full 0):
 garbage-first heap   total 153600K, used 137178K [0x0000000080000000, 0x0000000100000000)
  region size 1024K, 48 young (49152K), 4 survivors (4096K)
 Metaspace       used 96936K, committed 98880K, reserved 1179648K
  class space    used 13077K, committed 14016K, reserved 1048576K
}
Event: 22.392 GC heap after
{Heap after GC invocations=34 (full 0):
 garbage-first heap   total 153600K, used 96461K [0x0000000080000000, 0x0000000100000000)
  region size 1024K, 6 young (6144K), 6 survivors (6144K)
 Metaspace       used 96936K, committed 98880K, reserved 1179648K
  class space    used 13077K, committed 14016K, reserved 1048576K
}

