# JRE version: OpenJDK Runtime Environment (21.0.7) (build 21.0.7+-13880790-b1038.58)
# Java VM: OpenJDK 64-Bit Server VM (21.0.7+-13880790-b1038.58, mixed mode, tiered, compressed oops, compressed class ptrs, g1 gc, windows-amd64)
GC Precious Log:
 CardTable entry size: 512
 Card Set container configuration: InlinePtr #cards 5 size 8 Array Of Cards #cards 12 size 40 Howl #buckets 4 coarsen threshold 1843 Howl Bitmap #cards 512 size 80 coarsen threshold 460 Card regions per heap region 1 cards per card region 2048
 CPUs: 16 total, 16 available
 Memory: 7501M
 Large Page Support: Disabled
 NUMA Support: Disabled
 Compressed Oops: Enabled (32-bit)
 Heap Region Size: 1M
 Heap Min Capacity: 8M
 Heap Initial Capacity: 118M
 Heap Max Capacity: 2G
 Pre-touch: Disabled
 Parallel Workers: 13
 Concurrent Workers: 3
 Concurrent Refinement Workers: 13
 Periodic GC: Disabled
Heap:
 garbage-first heap   total 237568K, used 201488K [0x0000000080000000, 0x0000000100000000)
  region size 1024K, 56 young (57344K), 7 survivors (7168K)
 Metaspace       used 138662K, committed 140544K, reserved 1179648K
  class space    used 18159K, committed 19456K, reserved 1048576K
GC Heap History (20 events):
Event: 34.358 GC heap before
{Heap before GC invocations=45 (full 0):
 garbage-first heap   total 194560K, used 176012K [0x0000000080000000, 0x0000000100000000)
  region size 1024K, 57 young (58368K), 6 survivors (6144K)
 Metaspace       used 127811K, committed 130048K, reserved 1179648K
  class space    used 17357K, committed 18432K, reserved 1048576K
}
Event: 34.368 GC heap after
{Heap after GC invocations=46 (full 0):
 garbage-first heap   total 194560K, used 130180K [0x0000000080000000, 0x0000000100000000)
  region size 1024K, 7 young (7168K), 7 survivors (7168K)
 Metaspace       used 127811K, committed 130048K, reserved 1179648K
  class space    used 17357K, committed 18432K, reserved 1048576K
}
Event: 34.799 GC heap before
{Heap before GC invocations=46 (full 0):
 garbage-first heap   total 194560K, used 175236K [0x0000000080000000, 0x0000000100000000)
  region size 1024K, 52 young (53248K), 7 survivors (7168K)
 Metaspace       used 127823K, committed 130048K, reserved 1179648K
  class space    used 17357K, committed 18432K, reserved 1048576K
}
Event: 34.806 GC heap after
{Heap after GC invocations=47 (full 0):
 garbage-first heap   total 194560K, used 132096K [0x0000000080000000, 0x0000000100000000)
  region size 1024K, 4 young (4096K), 4 survivors (4096K)
 Metaspace       used 127823K, committed 130048K, reserved 1179648K
  class space    used 17357K, committed 18432K, reserved 1048576K
}
Event: 35.591 GC heap before
{Heap before GC invocations=48 (full 0):
 garbage-first heap   total 220160K, used 177152K [0x0000000080000000, 0x0000000100000000)
  region size 1024K, 49 young (50176K), 4 survivors (4096K)
 Metaspace       used 128367K, committed 130624K, reserved 1179648K
  class space    used 17459K, committed 18560K, reserved 1048576K
}
Event: 35.598 GC heap after
{Heap after GC invocations=49 (full 0):
 garbage-first heap   total 220160K, used 134576K [0x0000000080000000, 0x0000000100000000)
  region size 1024K, 7 young (7168K), 7 survivors (7168K)
 Metaspace       used 128367K, committed 130624K, reserved 1179648K
  class space    used 17459K, committed 18560K, reserved 1048576K
}
Event: 36.346 GC heap before
{Heap before GC invocations=49 (full 0):
 garbage-first heap   total 220160K, used 199088K [0x0000000080000000, 0x0000000100000000)
  region size 1024K, 71 young (72704K), 7 survivors (7168K)
 Metaspace       used 128672K, committed 131008K, reserved 1179648K
  class space    used 17495K, committed 18624K, reserved 1048576K
}
Event: 36.355 GC heap after
{Heap after GC invocations=50 (full 0):
 garbage-first heap   total 220160K, used 135394K [0x0000000080000000, 0x0000000100000000)
  region size 1024K, 8 young (8192K), 8 survivors (8192K)
 Metaspace       used 128672K, committed 131008K, reserved 1179648K
  class space    used 17495K, committed 18624K, reserved 1048576K
}
Event: 37.055 GC heap before
{Heap before GC invocations=50 (full 0):
 garbage-first heap   total 220160K, used 197858K [0x0000000080000000, 0x0000000100000000)
  region size 1024K, 70 young (71680K), 8 survivors (8192K)
 Metaspace       used 128900K, committed 131136K, reserved 1179648K
  class space    used 17512K, committed 18624K, reserved 1048576K
}
Event: 37.063 GC heap after
{Heap after GC invocations=51 (full 0):
 garbage-first heap   total 220160K, used 138488K [0x0000000080000000, 0x0000000100000000)
  region size 1024K, 6 young (6144K), 6 survivors (6144K)
 Metaspace       used 128900K, committed 131136K, reserved 1179648K
  class space    used 17512K, committed 18624K, reserved 1048576K
}
Event: 37.564 GC heap before
{Heap before GC invocations=52 (full 0):
 garbage-first heap   total 234496K, used 198904K [0x0000000080000000, 0x0000000100000000)
  region size 1024K, 66 young (67584K), 6 survivors (6144K)
 Metaspace       used 128949K, committed 131200K, reserved 1179648K
  class space    used 17516K, committed 18624K, reserved 1048576K
}
Event: 37.570 GC heap after
{Heap after GC invocations=53 (full 0):
 garbage-first heap   total 234496K, used 139999K [0x0000000080000000, 0x0000000100000000)
  region size 1024K, 7 young (7168K), 7 survivors (7168K)
 Metaspace       used 128949K, committed 131200K, reserved 1179648K
  class space    used 17516K, committed 18624K, reserved 1048576K
}
Event: 230.637 GC heap before
{Heap before GC invocations=53 (full 0):
 garbage-first heap   total 234496K, used 212703K [0x0000000080000000, 0x0000000100000000)
  region size 1024K, 79 young (80896K), 7 survivors (7168K)
 Metaspace       used 136156K, committed 138496K, reserved 1179648K
  class space    used 18208K, committed 19328K, reserved 1048576K
}
Event: 230.943 GC heap after
{Heap after GC invocations=54 (full 0):
 garbage-first heap   total 234496K, used 139930K [0x0000000080000000, 0x0000000100000000)
  region size 1024K, 6 young (6144K), 6 survivors (6144K)
 Metaspace       used 136156K, committed 138496K, reserved 1179648K
  class space    used 18208K, committed 19328K, reserved 1048576K
}
Event: 3220.076 GC heap before
{Heap before GC invocations=54 (full 0):
 garbage-first heap   total 234496K, used 212634K [0x0000000080000000, 0x0000000100000000)
  region size 1024K, 78 young (79872K), 6 survivors (6144K)
 Metaspace       used 136420K, committed 138816K, reserved 1179648K
  class space    used 18217K, committed 19392K, reserved 1048576K
}
Event: 3220.179 GC heap after
{Heap after GC invocations=55 (full 0):
 garbage-first heap   total 234496K, used 140767K [0x0000000080000000, 0x0000000100000000)
  region size 1024K, 7 young (7168K), 7 survivors (7168K)
 Metaspace       used 136420K, committed 138816K, reserved 1179648K
  class space    used 18217K, committed 19392K, reserved 1048576K
}
Event: 3223.311 GC heap before
{Heap before GC invocations=56 (full 0):
 garbage-first heap   total 237568K, used 211423K [0x0000000080000000, 0x0000000100000000)
  region size 1024K, 77 young (78848K), 7 survivors (7168K)
 Metaspace       used 133703K, committed 138816K, reserved 1179648K
  class space    used 17468K, committed 19392K, reserved 1048576K
}
Event: 3223.340 GC heap after
{Heap after GC invocations=57 (full 0):
 garbage-first heap   total 237568K, used 148786K [0x0000000080000000, 0x0000000100000000)
  region size 1024K, 10 young (10240K), 10 survivors (10240K)
 Metaspace       used 133703K, committed 138816K, reserved 1179648K
  class space    used 17468K, committed 19392K, reserved 1048576K
}
Event: 3224.821 GC heap before
{Heap before GC invocations=57 (full 0):
 garbage-first heap   total 237568K, used 204082K [0x0000000080000000, 0x0000000100000000)
  region size 1024K, 65 young (66560K), 10 survivors (10240K)
 Metaspace       used 134785K, committed 138816K, reserved 1179648K
  class space    used 17624K, committed 19392K, reserved 1048576K
}
Event: 3224.851 GC heap after
{Heap after GC invocations=58 (full 0):
 garbage-first heap   total 237568K, used 153360K [0x0000000080000000, 0x0000000100000000)
  region size 1024K, 7 young (7168K), 7 survivors (7168K)
 Metaspace       used 134785K, committed 138816K, reserved 1179648K
  class space    used 17624K, committed 19392K, reserved 1048576K
}

