# JRE version: OpenJDK Runtime Environment (21.0.7) (build 21.0.7+-13880790-b1038.58)
# Java VM: OpenJDK 64-Bit Server VM (21.0.7+-13880790-b1038.58, mixed mode, tiered, compressed oops, compressed class ptrs, g1 gc, windows-amd64)
GC Precious Log:
 CardTable entry size: 512
 Card Set container configuration: InlinePtr #cards 5 size 8 Array Of Cards #cards 12 size 40 Howl #buckets 4 coarsen threshold 1843 Howl Bitmap #cards 512 size 80 coarsen threshold 460 Card regions per heap region 1 cards per card region 2048
 CPUs: 16 total, 16 available
 Memory: 7501M
 Large Page Support: Disabled
 NUMA Support: Disabled
 Compressed Oops: Enabled (32-bit)
 Heap Region Size: 1M
 Heap Min Capacity: 8M
 Heap Initial Capacity: 118M
 Heap Max Capacity: 2G
 Pre-touch: Disabled
 Parallel Workers: 13
 Concurrent Workers: 3
 Concurrent Refinement Workers: 13
 Periodic GC: Disabled
Heap:
 garbage-first heap   total 290816K, used 250098K [0x0000000080000000, 0x0000000100000000)
  region size 1024K, 90 young (92160K), 14 survivors (14336K)
 Metaspace       used 165230K, committed 167872K, reserved 1245184K
  class space    used 23228K, committed 24512K, reserved 1048576K
GC Heap History (20 events):
Event: 34.144 GC heap before
{Heap before GC invocations=50 (full 0):
 garbage-first heap   total 220160K, used 197359K [0x0000000080000000, 0x0000000100000000)
  region size 1024K, 70 young (71680K), 8 survivors (8192K)
 Metaspace       used 126995K, committed 129344K, reserved 1179648K
  class space    used 17244K, committed 18368K, reserved 1048576K
}
Event: 34.154 GC heap after
{Heap after GC invocations=51 (full 0):
 garbage-first heap   total 220160K, used 138156K [0x0000000080000000, 0x0000000100000000)
  region size 1024K, 6 young (6144K), 6 survivors (6144K)
 Metaspace       used 126995K, committed 129344K, reserved 1179648K
  class space    used 17244K, committed 18368K, reserved 1048576K
}
Event: 49.380 GC heap before
{Heap before GC invocations=52 (full 0):
 garbage-first heap   total 232448K, used 199596K [0x0000000080000000, 0x0000000100000000)
  region size 1024K, 67 young (68608K), 6 survivors (6144K)
 Metaspace       used 127986K, committed 130432K, reserved 1179648K
  class space    used 17416K, committed 18624K, reserved 1048576K
}
Event: 49.386 GC heap after
{Heap after GC invocations=53 (full 0):
 garbage-first heap   total 232448K, used 140752K [0x0000000080000000, 0x0000000100000000)
  region size 1024K, 5 young (5120K), 5 survivors (5120K)
 Metaspace       used 127986K, committed 130432K, reserved 1179648K
  class space    used 17416K, committed 18624K, reserved 1048576K
}
Event: 50.888 GC heap before
{Heap before GC invocations=53 (full 0):
 garbage-first heap   total 232448K, used 214480K [0x0000000080000000, 0x0000000100000000)
  region size 1024K, 76 young (77824K), 5 survivors (5120K)
 Metaspace       used 133754K, committed 136192K, reserved 1179648K
  class space    used 18374K, committed 19584K, reserved 1048576K
}
Event: 50.898 GC heap after
{Heap after GC invocations=54 (full 0):
 garbage-first heap   total 232448K, used 145102K [0x0000000080000000, 0x0000000100000000)
  region size 1024K, 10 young (10240K), 10 survivors (10240K)
 Metaspace       used 133754K, committed 136192K, reserved 1179648K
  class space    used 18374K, committed 19584K, reserved 1048576K
}
Event: 51.627 GC heap before
{Heap before GC invocations=54 (full 0):
 garbage-first heap   total 232448K, used 207566K [0x0000000080000000, 0x0000000100000000)
  region size 1024K, 72 young (73728K), 10 survivors (10240K)
 Metaspace       used 140163K, committed 142592K, reserved 1179648K
  class space    used 19492K, committed 20672K, reserved 1048576K
}
Event: 51.640 GC heap after
{Heap after GC invocations=55 (full 0):
 garbage-first heap   total 232448K, used 153946K [0x0000000080000000, 0x0000000100000000)
  region size 1024K, 9 young (9216K), 9 survivors (9216K)
 Metaspace       used 140163K, committed 142592K, reserved 1179648K
  class space    used 19492K, committed 20672K, reserved 1048576K
}
Event: 52.252 GC heap before
{Heap before GC invocations=56 (full 0):
 garbage-first heap   total 258048K, used 207194K [0x0000000080000000, 0x0000000100000000)
  region size 1024K, 62 young (63488K), 9 survivors (9216K)
 Metaspace       used 146877K, committed 149376K, reserved 1179648K
  class space    used 20978K, committed 22208K, reserved 1048576K
}
Event: 52.265 GC heap after
{Heap after GC invocations=57 (full 0):
 garbage-first heap   total 258048K, used 158836K [0x0000000080000000, 0x0000000100000000)
  region size 1024K, 5 young (5120K), 5 survivors (5120K)
 Metaspace       used 146877K, committed 149376K, reserved 1179648K
  class space    used 20978K, committed 22208K, reserved 1048576K
}
Event: 52.685 GC heap before
{Heap before GC invocations=57 (full 0):
 garbage-first heap   total 258048K, used 232564K [0x0000000080000000, 0x0000000100000000)
  region size 1024K, 78 young (79872K), 5 survivors (5120K)
 Metaspace       used 150515K, committed 153088K, reserved 1179648K
  class space    used 21478K, committed 22720K, reserved 1048576K
}
Event: 52.693 GC heap after
{Heap after GC invocations=58 (full 0):
 garbage-first heap   total 258048K, used 158809K [0x0000000080000000, 0x0000000100000000)
  region size 1024K, 5 young (5120K), 5 survivors (5120K)
 Metaspace       used 150515K, committed 153088K, reserved 1179648K
  class space    used 21478K, committed 22720K, reserved 1048576K
}
Event: 53.068 GC heap before
{Heap before GC invocations=58 (full 0):
 garbage-first heap   total 258048K, used 236633K [0x0000000080000000, 0x0000000100000000)
  region size 1024K, 82 young (83968K), 5 survivors (5120K)
 Metaspace       used 153345K, committed 155904K, reserved 1245184K
  class space    used 22008K, committed 23232K, reserved 1048576K
}
Event: 53.078 GC heap after
{Heap after GC invocations=59 (full 0):
 garbage-first heap   total 258048K, used 165538K [0x0000000080000000, 0x0000000100000000)
  region size 1024K, 11 young (11264K), 11 survivors (11264K)
 Metaspace       used 153345K, committed 155904K, reserved 1245184K
  class space    used 22008K, committed 23232K, reserved 1048576K
}
Event: 54.438 GC heap before
{Heap before GC invocations=60 (full 0):
 garbage-first heap   total 278528K, used 231074K [0x0000000080000000, 0x0000000100000000)
  region size 1024K, 75 young (76800K), 11 survivors (11264K)
 Metaspace       used 156307K, committed 158784K, reserved 1245184K
  class space    used 22419K, committed 23616K, reserved 1048576K
}
Event: 54.447 GC heap after
{Heap after GC invocations=61 (full 0):
 garbage-first heap   total 278528K, used 161897K [0x0000000080000000, 0x0000000100000000)
  region size 1024K, 4 young (4096K), 4 survivors (4096K)
 Metaspace       used 156307K, committed 158784K, reserved 1245184K
  class space    used 22419K, committed 23616K, reserved 1048576K
}
Event: 79.176 GC heap before
{Heap before GC invocations=61 (full 0):
 garbage-first heap   total 278528K, used 276585K [0x0000000080000000, 0x0000000100000000)
  region size 1024K, 97 young (99328K), 4 survivors (4096K)
 Metaspace       used 164465K, committed 166976K, reserved 1245184K
  class space    used 23254K, committed 24512K, reserved 1048576K
}
Event: 79.187 GC heap after
{Heap after GC invocations=62 (full 0):
 garbage-first heap   total 286720K, used 162117K [0x0000000080000000, 0x0000000100000000)
  region size 1024K, 6 young (6144K), 6 survivors (6144K)
 Metaspace       used 164465K, committed 166976K, reserved 1245184K
  class space    used 23254K, committed 24512K, reserved 1048576K
}
Event: 81.806 GC heap before
{Heap before GC invocations=62 (full 0):
 garbage-first heap   total 286720K, used 264517K [0x0000000080000000, 0x0000000100000000)
  region size 1024K, 107 young (109568K), 6 survivors (6144K)
 Metaspace       used 165070K, committed 167616K, reserved 1245184K
  class space    used 23257K, committed 24512K, reserved 1048576K
}
Event: 81.823 GC heap after
{Heap after GC invocations=63 (full 0):
 garbage-first heap   total 286720K, used 173298K [0x0000000080000000, 0x0000000100000000)
  region size 1024K, 14 young (14336K), 14 survivors (14336K)
 Metaspace       used 165070K, committed 167616K, reserved 1245184K
  class space    used 23257K, committed 24512K, reserved 1048576K
}

